<?xml version="1.0" encoding="UTF-8"?>
<!-- Generated by org.testng.reporters.JUnitReportReporter -->
<testsuite skipped="0" hostname="DESKTOP-2GETRQO" name="MavenPackage.WebPageTest" tests="2" failures="0" timestamp="2020-04-14T16:36:09 IST" time="0.003" errors="0">
  <testcase name="payment" time="0.000" classname="MavenPackage.WebPageTest"/>
  <testcase name="login" time="0.003" classname="MavenPackage.WebPageTest"/>
</testsuite> <!-- MavenPackage.WebPageTest -->
