<?xml version="1.0" encoding="UTF-8"?>
<!-- Generated by org.testng.reporters.JUnitReportReporter -->
<testsuite skipped="0" hostname="DESKTOP-2GETRQO" name="MavenPackage.AppTest" tests="1" failures="0" timestamp="2020-04-14T16:36:09 IST" time="0.001" errors="0">
  <testcase name="testApp" time="0.001" classname="MavenPackage.AppTest"/>
</testsuite> <!-- MavenPackage.AppTest -->
