<?xml version="1.0" encoding="UTF-8"?>
<!-- Generated by org.testng.reporters.JUnitReportReporter -->
<testsuite skipped="0" hostname="DESKTOP-2GETRQO" name="MavenPackage.WebPageTest" tests="2" failures="0" timestamp="13 Apr 2020 17:57:25 GMT" time="0.031" errors="0">
  <testcase name="login" time="0.024" classname="MavenPackage.WebPageTest"/>
  <testcase name="payment" time="0.007" classname="MavenPackage.WebPageTest"/>
</testsuite> <!-- MavenPackage.WebPageTest -->
